# JRE version: Java(TM) SE Runtime Environment (17.0.12+8) (build 17.0.12+8-LTS-286)
# Java VM: Java HotSpot(TM) 64-Bit Server VM (17.0.12+8-LTS-286, mixed mode, sharing, tiered, compressed oops, compressed class ptrs, g1 gc, windows-amd64)
GC Precious Log:
 CPUs: 16 total, 16 available
 Memory: 16307M
 Large Page Support: Disabled
 NUMA Support: Disabled
 Compressed Oops: Enabled (Zero based)
 Heap Region Size: 2M
 Heap Min Capacity: 8M
 Heap Initial Capacity: 256M
 Heap Max Capacity: 4078M
 Pre-touch: Disabled
 Parallel Workers: 13
 Concurrent Workers: 3
 Concurrent Refinement Workers: 13
 Periodic GC: Disabled
Heap:
 garbage-first heap   total 116736K, used 59341K [0x0000000701200000, 0x0000000800000000)
  region size 2048K, 13 young (26624K), 2 survivors (4096K)
 Metaspace       used 98600K, committed 99904K, reserved 1179648K
  class space    used 12368K, committed 13056K, reserved 1048576K
GC Heap History (20 events):
Event: 6337.214 GC heap before
{Heap before GC invocations=97 (full 16):
 garbage-first heap   total 116736K, used 88291K [0x0000000701200000, 0x0000000800000000)
  region size 2048K, 26 young (53248K), 3 survivors (6144K)
 Metaspace       used 96997K, committed 98240K, reserved 1179648K
  class space    used 12219K, committed 12864K, reserved 1048576K
}
Event: 6337.216 GC heap after
{Heap after GC invocations=98 (full 16):
 garbage-first heap   total 116736K, used 43492K [0x0000000701200000, 0x0000000800000000)
  region size 2048K, 4 young (8192K), 4 survivors (8192K)
 Metaspace       used 96997K, committed 98240K, reserved 1179648K
  class space    used 12219K, committed 12864K, reserved 1048576K
}
Event: 6397.849 GC heap before
{Heap before GC invocations=98 (full 16):
 garbage-first heap   total 116736K, used 66020K [0x0000000701200000, 0x0000000800000000)
  region size 2048K, 16 young (32768K), 4 survivors (8192K)
 Metaspace       used 97229K, committed 98560K, reserved 1179648K
  class space    used 12236K, committed 12928K, reserved 1048576K
}
Event: 6397.891 GC heap after
{Heap after GC invocations=99 (full 17):
 garbage-first heap   total 116736K, used 37244K [0x0000000701200000, 0x0000000800000000)
  region size 2048K, 0 young (0K), 0 survivors (0K)
 Metaspace       used 97211K, committed 98560K, reserved 1179648K
  class space    used 12235K, committed 12928K, reserved 1048576K
}
Event: 6398.085 GC heap before
{Heap before GC invocations=99 (full 17):
 garbage-first heap   total 116736K, used 90492K [0x0000000701200000, 0x0000000800000000)
  region size 2048K, 26 young (53248K), 0 survivors (0K)
 Metaspace       used 97402K, committed 98688K, reserved 1179648K
  class space    used 12253K, committed 12928K, reserved 1048576K
}
Event: 6398.087 GC heap after
{Heap after GC invocations=100 (full 17):
 garbage-first heap   total 116736K, used 41721K [0x0000000701200000, 0x0000000800000000)
  region size 2048K, 3 young (6144K), 3 survivors (6144K)
 Metaspace       used 97402K, committed 98688K, reserved 1179648K
  class space    used 12253K, committed 12928K, reserved 1048576K
}
Event: 6398.265 GC heap before
{Heap before GC invocations=100 (full 17):
 garbage-first heap   total 116736K, used 88825K [0x0000000701200000, 0x0000000800000000)
  region size 2048K, 26 young (53248K), 3 survivors (6144K)
 Metaspace       used 97815K, committed 99072K, reserved 1179648K
  class space    used 12281K, committed 12928K, reserved 1048576K
}
Event: 6398.269 GC heap after
{Heap after GC invocations=101 (full 17):
 garbage-first heap   total 116736K, used 44356K [0x0000000701200000, 0x0000000800000000)
  region size 2048K, 4 young (8192K), 4 survivors (8192K)
 Metaspace       used 97815K, committed 99072K, reserved 1179648K
  class space    used 12281K, committed 12928K, reserved 1048576K
}
Event: 6953.343 GC heap before
{Heap before GC invocations=101 (full 17):
 garbage-first heap   total 116736K, used 89412K [0x0000000701200000, 0x0000000800000000)
  region size 2048K, 26 young (53248K), 4 survivors (8192K)
 Metaspace       used 98029K, committed 99328K, reserved 1179648K
  class space    used 12296K, committed 12992K, reserved 1048576K
}
Event: 6953.349 GC heap after
{Heap after GC invocations=102 (full 17):
 garbage-first heap   total 116736K, used 43985K [0x0000000701200000, 0x0000000800000000)
  region size 2048K, 2 young (4096K), 2 survivors (4096K)
 Metaspace       used 98029K, committed 99328K, reserved 1179648K
  class space    used 12296K, committed 12992K, reserved 1048576K
}
Event: 7986.247 GC heap before
{Heap before GC invocations=102 (full 17):
 garbage-first heap   total 116736K, used 91089K [0x0000000701200000, 0x0000000800000000)
  region size 2048K, 25 young (51200K), 2 survivors (4096K)
 Metaspace       used 98038K, committed 99328K, reserved 1179648K
  class space    used 12296K, committed 12992K, reserved 1048576K
}
Event: 7986.273 GC heap after
{Heap after GC invocations=103 (full 17):
 garbage-first heap   total 116736K, used 43671K [0x0000000701200000, 0x0000000800000000)
  region size 2048K, 2 young (4096K), 2 survivors (4096K)
 Metaspace       used 98038K, committed 99328K, reserved 1179648K
  class space    used 12296K, committed 12992K, reserved 1048576K
}
Event: 8182.044 GC heap before
{Heap before GC invocations=103 (full 17):
 garbage-first heap   total 116736K, used 55959K [0x0000000701200000, 0x0000000800000000)
  region size 2048K, 9 young (18432K), 2 survivors (4096K)
 Metaspace       used 98051K, committed 99392K, reserved 1179648K
  class space    used 12296K, committed 12992K, reserved 1048576K
}
Event: 8182.353 GC heap after
{Heap after GC invocations=104 (full 18):
 garbage-first heap   total 116736K, used 36491K [0x0000000701200000, 0x0000000800000000)
  region size 2048K, 0 young (0K), 0 survivors (0K)
 Metaspace       used 97951K, committed 99392K, reserved 1179648K
  class space    used 12275K, committed 12992K, reserved 1048576K
}
Event: 8182.815 GC heap before
{Heap before GC invocations=104 (full 18):
 garbage-first heap   total 116736K, used 89739K [0x0000000701200000, 0x0000000800000000)
  region size 2048K, 27 young (55296K), 0 survivors (0K)
 Metaspace       used 98119K, committed 99456K, reserved 1179648K
  class space    used 12293K, committed 12992K, reserved 1048576K
}
Event: 8182.820 GC heap after
{Heap after GC invocations=105 (full 18):
 garbage-first heap   total 116736K, used 41031K [0x0000000701200000, 0x0000000800000000)
  region size 2048K, 3 young (6144K), 3 survivors (6144K)
 Metaspace       used 98119K, committed 99456K, reserved 1179648K
  class space    used 12293K, committed 12992K, reserved 1048576K
}
Event: 8184.566 GC heap before
{Heap before GC invocations=105 (full 18):
 garbage-first heap   total 116736K, used 90183K [0x0000000701200000, 0x0000000800000000)
  region size 2048K, 27 young (55296K), 3 survivors (6144K)
 Metaspace       used 98501K, committed 99776K, reserved 1179648K
  class space    used 12352K, committed 12992K, reserved 1048576K
}
Event: 8184.569 GC heap after
{Heap after GC invocations=106 (full 18):
 garbage-first heap   total 116736K, used 41619K [0x0000000701200000, 0x0000000800000000)
  region size 2048K, 3 young (6144K), 3 survivors (6144K)
 Metaspace       used 98501K, committed 99776K, reserved 1179648K
  class space    used 12352K, committed 12992K, reserved 1048576K
}
Event: 8187.526 GC heap before
{Heap before GC invocations=106 (full 18):
 garbage-first heap   total 116736K, used 86675K [0x0000000701200000, 0x0000000800000000)
  region size 2048K, 26 young (53248K), 3 survivors (6144K)
 Metaspace       used 98536K, committed 99840K, reserved 1179648K
  class space    used 12356K, committed 12992K, reserved 1048576K
}
Event: 8187.528 GC heap after
{Heap after GC invocations=107 (full 18):
 garbage-first heap   total 116736K, used 40909K [0x0000000701200000, 0x0000000800000000)
  region size 2048K, 2 young (4096K), 2 survivors (4096K)
 Metaspace       used 98536K, committed 99840K, reserved 1179648K
  class space    used 12356K, committed 12992K, reserved 1048576K
}

