# JRE version: OpenJDK Runtime Environment Temurin-21.0.5+11 (21.0.5+11) (build 21.0.5+11-LTS)
# Java VM: OpenJDK 64-Bit Server VM Temurin-21.0.5+11 (21.0.5+11-LTS, mixed mode, sharing, tiered, compressed oops, compressed class ptrs, parallel gc, windows-amd64)
GC Precious Log:
 CardTable entry size: 512
 CPUs: 16 total, 16 available
 Memory: 16307M
 Large Page Support: Disabled
 NUMA Support: Disabled
 Compressed Oops: Enabled (32-bit)
 Alignments: Space 512K, Generation 512K, Heap 2M
 Heap Min Capacity: 100M
 Heap Initial Capacity: 100M
 Heap Max Capacity: 1G
 Pre-touch: Disabled
 Parallel Workers: 13
Heap:
 PSYoungGen      total 5120K, used 1790K [0x00000000eab00000, 0x00000000eb380000, 0x0000000100000000)
  eden space 4608K, 27% used [0x00000000eab00000,0x00000000eac3ff08,0x00000000eaf80000)
  from space 512K, 99% used [0x00000000eb280000,0x00000000eb2ff9d0,0x00000000eb300000)
  to   space 2048K, 0% used [0x00000000eaf80000,0x00000000eaf80000,0x00000000eb180000)
 ParOldGen       total 231936K, used 222604K [0x00000000c0000000, 0x00000000ce280000, 0x00000000eab00000)
  object space 231936K, 95% used [0x00000000c0000000,0x00000000cd963350,0x00000000ce280000)
 Metaspace       used 58907K, committed 60224K, reserved 1114112K
  class space    used 6010K, committed 6592K, reserved 1048576K
GC Heap History (20 events):
Event: 6.352 GC heap after
{Heap after GC invocations=185 (full 3):
 PSYoungGen      total 2560K, used 745K [0x00000000eab00000, 0x00000000eae80000, 0x0000000100000000)
  eden space 1536K, 0% used [0x00000000eab00000,0x00000000eab00000,0x00000000eac80000)
  from space 1024K, 72% used [0x00000000ead80000,0x00000000eae3a638,0x00000000eae80000)
  to   space 1024K, 0% used [0x00000000eac80000,0x00000000eac80000,0x00000000ead80000)
 ParOldGen       total 231936K, used 209457K [0x00000000c0000000, 0x00000000ce280000, 0x00000000eab00000)
  object space 231936K, 90% used [0x00000000c0000000,0x00000000ccc8c718,0x00000000ce280000)
 Metaspace       used 58790K, committed 60160K, reserved 1114112K
  class space    used 6002K, committed 6592K, reserved 1048576K
}
Event: 6.353 GC heap before
{Heap before GC invocations=186 (full 3):
 PSYoungGen      total 2560K, used 2281K [0x00000000eab00000, 0x00000000eae80000, 0x0000000100000000)
  eden space 1536K, 100% used [0x00000000eab00000,0x00000000eac80000,0x00000000eac80000)
  from space 1024K, 72% used [0x00000000ead80000,0x00000000eae3a638,0x00000000eae80000)
  to   space 1024K, 0% used [0x00000000eac80000,0x00000000eac80000,0x00000000ead80000)
 ParOldGen       total 231936K, used 209457K [0x00000000c0000000, 0x00000000ce280000, 0x00000000eab00000)
  object space 231936K, 90% used [0x00000000c0000000,0x00000000ccc8c718,0x00000000ce280000)
 Metaspace       used 58790K, committed 60160K, reserved 1114112K
  class space    used 6002K, committed 6592K, reserved 1048576K
}
Event: 6.354 GC heap after
{Heap after GC invocations=186 (full 3):
 PSYoungGen      total 2560K, used 1019K [0x00000000eab00000, 0x00000000eb100000, 0x0000000100000000)
  eden space 1536K, 0% used [0x00000000eab00000,0x00000000eab00000,0x00000000eac80000)
  from space 1024K, 99% used [0x00000000eac80000,0x00000000ead7ee78,0x00000000ead80000)
  to   space 2048K, 0% used [0x00000000eaf00000,0x00000000eaf00000,0x00000000eb100000)
 ParOldGen       total 231936K, used 210164K [0x00000000c0000000, 0x00000000ce280000, 0x00000000eab00000)
  object space 231936K, 90% used [0x00000000c0000000,0x00000000ccd3d348,0x00000000ce280000)
 Metaspace       used 58790K, committed 60160K, reserved 1114112K
  class space    used 6002K, committed 6592K, reserved 1048576K
}
Event: 6.356 GC heap before
{Heap before GC invocations=187 (full 3):
 PSYoungGen      total 2560K, used 2433K [0x00000000eab00000, 0x00000000eb100000, 0x0000000100000000)
  eden space 1536K, 92% used [0x00000000eab00000,0x00000000eac617c0,0x00000000eac80000)
  from space 1024K, 99% used [0x00000000eac80000,0x00000000ead7ee78,0x00000000ead80000)
  to   space 2048K, 0% used [0x00000000eaf00000,0x00000000eaf00000,0x00000000eb100000)
 ParOldGen       total 231936K, used 210164K [0x00000000c0000000, 0x00000000ce280000, 0x00000000eab00000)
  object space 231936K, 90% used [0x00000000c0000000,0x00000000ccd3d348,0x00000000ce280000)
 Metaspace       used 58792K, committed 60160K, reserved 1114112K
  class space    used 6002K, committed 6592K, reserved 1048576K
}
Event: 6.356 GC heap after
{Heap after GC invocations=187 (full 3):
 PSYoungGen      total 3072K, used 582K [0x00000000eab00000, 0x00000000eb000000, 0x0000000100000000)
  eden space 2048K, 0% used [0x00000000eab00000,0x00000000eab00000,0x00000000ead00000)
  from space 1024K, 56% used [0x00000000eaf00000,0x00000000eaf919e8,0x00000000eb000000)
  to   space 1024K, 0% used [0x00000000eae00000,0x00000000eae00000,0x00000000eaf00000)
 ParOldGen       total 231936K, used 211100K [0x00000000c0000000, 0x00000000ce280000, 0x00000000eab00000)
  object space 231936K, 91% used [0x00000000c0000000,0x00000000cce27320,0x00000000ce280000)
 Metaspace       used 58792K, committed 60160K, reserved 1114112K
  class space    used 6002K, committed 6592K, reserved 1048576K
}
Event: 6.357 GC heap before
{Heap before GC invocations=188 (full 3):
 PSYoungGen      total 3072K, used 2630K [0x00000000eab00000, 0x00000000eb000000, 0x0000000100000000)
  eden space 2048K, 100% used [0x00000000eab00000,0x00000000ead00000,0x00000000ead00000)
  from space 1024K, 56% used [0x00000000eaf00000,0x00000000eaf919e8,0x00000000eb000000)
  to   space 1024K, 0% used [0x00000000eae00000,0x00000000eae00000,0x00000000eaf00000)
 ParOldGen       total 231936K, used 211100K [0x00000000c0000000, 0x00000000ce280000, 0x00000000eab00000)
  object space 231936K, 91% used [0x00000000c0000000,0x00000000cce27320,0x00000000ce280000)
 Metaspace       used 58792K, committed 60160K, reserved 1114112K
  class space    used 6002K, committed 6592K, reserved 1048576K
}
Event: 6.358 GC heap after
{Heap after GC invocations=188 (full 3):
 PSYoungGen      total 3584K, used 1009K [0x00000000eab00000, 0x00000000eb180000, 0x0000000100000000)
  eden space 2560K, 0% used [0x00000000eab00000,0x00000000eab00000,0x00000000ead80000)
  from space 1024K, 98% used [0x00000000eae00000,0x00000000eaefc7f8,0x00000000eaf00000)
  to   space 2048K, 0% used [0x00000000eaf80000,0x00000000eaf80000,0x00000000eb180000)
 ParOldGen       total 231936K, used 211676K [0x00000000c0000000, 0x00000000ce280000, 0x00000000eab00000)
  object space 231936K, 91% used [0x00000000c0000000,0x00000000cceb7178,0x00000000ce280000)
 Metaspace       used 58792K, committed 60160K, reserved 1114112K
  class space    used 6002K, committed 6592K, reserved 1048576K
}
Event: 6.359 GC heap before
{Heap before GC invocations=189 (full 3):
 PSYoungGen      total 3584K, used 3569K [0x00000000eab00000, 0x00000000eb180000, 0x0000000100000000)
  eden space 2560K, 100% used [0x00000000eab00000,0x00000000ead80000,0x00000000ead80000)
  from space 1024K, 98% used [0x00000000eae00000,0x00000000eaefc7f8,0x00000000eaf00000)
  to   space 2048K, 0% used [0x00000000eaf80000,0x00000000eaf80000,0x00000000eb180000)
 ParOldGen       total 231936K, used 211676K [0x00000000c0000000, 0x00000000ce280000, 0x00000000eab00000)
  object space 231936K, 91% used [0x00000000c0000000,0x00000000cceb7178,0x00000000ce280000)
 Metaspace       used 58792K, committed 60160K, reserved 1114112K
  class space    used 6002K, committed 6592K, reserved 1048576K
}
Event: 6.359 GC heap after
{Heap after GC invocations=189 (full 3):
 PSYoungGen      total 4096K, used 548K [0x00000000eab00000, 0x00000000eb080000, 0x0000000100000000)
  eden space 3072K, 0% used [0x00000000eab00000,0x00000000eab00000,0x00000000eae00000)
  from space 1024K, 53% used [0x00000000eaf80000,0x00000000eb009320,0x00000000eb080000)
  to   space 1024K, 0% used [0x00000000eae80000,0x00000000eae80000,0x00000000eaf80000)
 ParOldGen       total 231936K, used 212611K [0x00000000c0000000, 0x00000000ce280000, 0x00000000eab00000)
  object space 231936K, 91% used [0x00000000c0000000,0x00000000ccfa0c20,0x00000000ce280000)
 Metaspace       used 58792K, committed 60160K, reserved 1114112K
  class space    used 6002K, committed 6592K, reserved 1048576K
}
Event: 6.363 GC heap before
{Heap before GC invocations=190 (full 3):
 PSYoungGen      total 4096K, used 3620K [0x00000000eab00000, 0x00000000eb080000, 0x0000000100000000)
  eden space 3072K, 100% used [0x00000000eab00000,0x00000000eae00000,0x00000000eae00000)
  from space 1024K, 53% used [0x00000000eaf80000,0x00000000eb009320,0x00000000eb080000)
  to   space 1024K, 0% used [0x00000000eae80000,0x00000000eae80000,0x00000000eaf80000)
 ParOldGen       total 231936K, used 212611K [0x00000000c0000000, 0x00000000ce280000, 0x00000000eab00000)
  object space 231936K, 91% used [0x00000000c0000000,0x00000000ccfa0c20,0x00000000ce280000)
 Metaspace       used 58792K, committed 60160K, reserved 1114112K
  class space    used 6002K, committed 6592K, reserved 1048576K
}
Event: 6.364 GC heap after
{Heap after GC invocations=190 (full 3):
 PSYoungGen      total 4608K, used 995K [0x00000000eab00000, 0x00000000eb300000, 0x0000000100000000)
  eden space 3584K, 0% used [0x00000000eab00000,0x00000000eab00000,0x00000000eae80000)
  from space 1024K, 97% used [0x00000000eae80000,0x00000000eaf78d38,0x00000000eaf80000)
  to   space 2048K, 0% used [0x00000000eb100000,0x00000000eb100000,0x00000000eb300000)
 ParOldGen       total 231936K, used 213320K [0x00000000c0000000, 0x00000000ce280000, 0x00000000eab00000)
  object space 231936K, 91% used [0x00000000c0000000,0x00000000cd052180,0x00000000ce280000)
 Metaspace       used 58792K, committed 60160K, reserved 1114112K
  class space    used 6002K, committed 6592K, reserved 1048576K
}
Event: 6.367 GC heap before
{Heap before GC invocations=191 (full 3):
 PSYoungGen      total 4608K, used 4579K [0x00000000eab00000, 0x00000000eb300000, 0x0000000100000000)
  eden space 3584K, 100% used [0x00000000eab00000,0x00000000eae80000,0x00000000eae80000)
  from space 1024K, 97% used [0x00000000eae80000,0x00000000eaf78d38,0x00000000eaf80000)
  to   space 2048K, 0% used [0x00000000eb100000,0x00000000eb100000,0x00000000eb300000)
 ParOldGen       total 231936K, used 213320K [0x00000000c0000000, 0x00000000ce280000, 0x00000000eab00000)
  object space 231936K, 91% used [0x00000000c0000000,0x00000000cd052180,0x00000000ce280000)
 Metaspace       used 58792K, committed 60160K, reserved 1114112K
  class space    used 6002K, committed 6592K, reserved 1048576K
}
Event: 6.368 GC heap after
{Heap after GC invocations=191 (full 3):
 PSYoungGen      total 6144K, used 1308K [0x00000000eab00000, 0x00000000eb280000, 0x0000000100000000)
  eden space 4608K, 0% used [0x00000000eab00000,0x00000000eab00000,0x00000000eaf80000)
  from space 1536K, 85% used [0x00000000eb100000,0x00000000eb247380,0x00000000eb280000)
  to   space 1536K, 0% used [0x00000000eaf80000,0x00000000eaf80000,0x00000000eb100000)
 ParOldGen       total 231936K, used 214208K [0x00000000c0000000, 0x00000000ce280000, 0x00000000eab00000)
  object space 231936K, 92% used [0x00000000c0000000,0x00000000cd130068,0x00000000ce280000)
 Metaspace       used 58792K, committed 60160K, reserved 1114112K
  class space    used 6002K, committed 6592K, reserved 1048576K
}
Event: 6.376 GC heap before
{Heap before GC invocations=192 (full 3):
 PSYoungGen      total 6144K, used 5916K [0x00000000eab00000, 0x00000000eb280000, 0x0000000100000000)
  eden space 4608K, 100% used [0x00000000eab00000,0x00000000eaf80000,0x00000000eaf80000)
  from space 1536K, 85% used [0x00000000eb100000,0x00000000eb247380,0x00000000eb280000)
  to   space 1536K, 0% used [0x00000000eaf80000,0x00000000eaf80000,0x00000000eb100000)
 ParOldGen       total 231936K, used 214208K [0x00000000c0000000, 0x00000000ce280000, 0x00000000eab00000)
  object space 231936K, 92% used [0x00000000c0000000,0x00000000cd130068,0x00000000ce280000)
 Metaspace       used 58796K, committed 60160K, reserved 1114112K
  class space    used 6002K, committed 6592K, reserved 1048576K
}
Event: 6.377 GC heap after
{Heap after GC invocations=192 (full 3):
 PSYoungGen      total 6144K, used 1509K [0x00000000eab00000, 0x00000000eb780000, 0x0000000100000000)
  eden space 4608K, 0% used [0x00000000eab00000,0x00000000eab00000,0x00000000eaf80000)
  from space 1536K, 98% used [0x00000000eaf80000,0x00000000eb0f9508,0x00000000eb100000)
  to   space 3584K, 0% used [0x00000000eb400000,0x00000000eb400000,0x00000000eb780000)
 ParOldGen       total 231936K, used 215591K [0x00000000c0000000, 0x00000000ce280000, 0x00000000eab00000)
  object space 231936K, 92% used [0x00000000c0000000,0x00000000cd289fd8,0x00000000ce280000)
 Metaspace       used 58796K, committed 60160K, reserved 1114112K
  class space    used 6002K, committed 6592K, reserved 1048576K
}
Event: 6.386 GC heap before
{Heap before GC invocations=193 (full 3):
 PSYoungGen      total 6144K, used 6117K [0x00000000eab00000, 0x00000000eb780000, 0x0000000100000000)
  eden space 4608K, 100% used [0x00000000eab00000,0x00000000eaf80000,0x00000000eaf80000)
  from space 1536K, 98% used [0x00000000eaf80000,0x00000000eb0f9508,0x00000000eb100000)
  to   space 3584K, 0% used [0x00000000eb400000,0x00000000eb400000,0x00000000eb780000)
 ParOldGen       total 231936K, used 215591K [0x00000000c0000000, 0x00000000ce280000, 0x00000000eab00000)
  object space 231936K, 92% used [0x00000000c0000000,0x00000000cd289fd8,0x00000000ce280000)
 Metaspace       used 58805K, committed 60160K, reserved 1114112K
  class space    used 6002K, committed 6592K, reserved 1048576K
}
Event: 6.387 GC heap after
{Heap after GC invocations=193 (full 3):
 PSYoungGen      total 6144K, used 1319K [0x00000000eab00000, 0x00000000eb580000, 0x0000000100000000)
  eden space 4608K, 0% used [0x00000000eab00000,0x00000000eab00000,0x00000000eaf80000)
  from space 1536K, 85% used [0x00000000eb400000,0x00000000eb549fe0,0x00000000eb580000)
  to   space 2048K, 0% used [0x00000000eb180000,0x00000000eb180000,0x00000000eb380000)
 ParOldGen       total 231936K, used 217074K [0x00000000c0000000, 0x00000000ce280000, 0x00000000eab00000)
  object space 231936K, 93% used [0x00000000c0000000,0x00000000cd3fc948,0x00000000ce280000)
 Metaspace       used 58805K, committed 60160K, reserved 1114112K
  class space    used 6002K, committed 6592K, reserved 1048576K
}
Event: 6.395 GC heap before
{Heap before GC invocations=194 (full 3):
 PSYoungGen      total 6144K, used 5927K [0x00000000eab00000, 0x00000000eb580000, 0x0000000100000000)
  eden space 4608K, 100% used [0x00000000eab00000,0x00000000eaf80000,0x00000000eaf80000)
  from space 1536K, 85% used [0x00000000eb400000,0x00000000eb549fe0,0x00000000eb580000)
  to   space 2048K, 0% used [0x00000000eb180000,0x00000000eb180000,0x00000000eb380000)
 ParOldGen       total 231936K, used 217074K [0x00000000c0000000, 0x00000000ce280000, 0x00000000eab00000)
  object space 231936K, 93% used [0x00000000c0000000,0x00000000cd3fc948,0x00000000ce280000)
 Metaspace       used 58886K, committed 60224K, reserved 1114112K
  class space    used 6010K, committed 6592K, reserved 1048576K
}
Event: 6.396 GC heap after
{Heap after GC invocations=194 (full 3):
 PSYoungGen      total 6144K, used 1120K [0x00000000eab00000, 0x00000000eb480000, 0x0000000100000000)
  eden space 4608K, 0% used [0x00000000eab00000,0x00000000eab00000,0x00000000eaf80000)
  from space 1536K, 72% used [0x00000000eb180000,0x00000000eb298000,0x00000000eb300000)
  to   space 1536K, 0% used [0x00000000eb300000,0x00000000eb300000,0x00000000eb480000)
 ParOldGen       total 231936K, used 218174K [0x00000000c0000000, 0x00000000ce280000, 0x00000000eab00000)
  object space 231936K, 94% used [0x00000000c0000000,0x00000000cd50f940,0x00000000ce280000)
 Metaspace       used 58886K, committed 60224K, reserved 1114112K
  class space    used 6010K, committed 6592K, reserved 1048576K
}
Event: 6.404 GC heap before
{Heap before GC invocations=195 (full 3):
 PSYoungGen      total 6144K, used 5728K [0x00000000eab00000, 0x00000000eb480000, 0x0000000100000000)
  eden space 4608K, 100% used [0x00000000eab00000,0x00000000eaf80000,0x00000000eaf80000)
  from space 1536K, 72% used [0x00000000eb180000,0x00000000eb298000,0x00000000eb300000)
  to   space 1536K, 0% used [0x00000000eb300000,0x00000000eb300000,0x00000000eb480000)
 ParOldGen       total 231936K, used 218174K [0x00000000c0000000, 0x00000000ce280000, 0x00000000eab00000)
  object space 231936K, 94% used [0x00000000c0000000,0x00000000cd50f940,0x00000000ce280000)
 Metaspace       used 58895K, committed 60224K, reserved 1114112K
  class space    used 6010K, committed 6592K, reserved 1048576K
}

